<?xml version="1.0" encoding="UTF-8"?>
<!-- Generated by org.testng.reporters.JUnitReportReporter -->
<<<<<<< HEAD
<testsuite hostname="SIPL95" failures="0" tests="1" name="Connect_VerifyBill.VerifyBill_FedEx" time="54.324" errors="0" timestamp="2023-04-10T13:22:57 IST" skipped="0">
  <testcase classname="Connect_VerifyBill.VerifyBill_FedEx" name="FedEx" time="54.324"/>
=======
<testsuite hostname="DESKTOP-TSAK19I" failures="0" tests="1" name="Connect_VerifyBill.VerifyBill_FedEx" time="36.749" errors="0" timestamp="2023-04-04T18:48:10 IST" skipped="0">
  <testcase classname="Connect_VerifyBill.VerifyBill_FedEx" name="FedEx" time="36.749"/>
>>>>>>> branch 'master' of https://github.com/RavinaSamyak01/Connect.git
  <system-out/>
</testsuite> <!-- Connect_VerifyBill.VerifyBill_FedEx -->
