<?xml version="1.0" encoding="UTF-8"?>
<!-- Generated by org.testng.reporters.JUnitReportReporter -->
<testsuite hostname="SIPL30" failures="0" tests="1" name="Ship_Label_Services_28678.p3p_ship_label" time="94.300" errors="0" timestamp="2023-06-27T12:24:55 IST" skipped="0">
  <testcase classname="Ship_Label_Services_28678.p3p_ship_label" name="p3p_label" time="94.300"/>
  <system-out/>
</testsuite> <!-- Ship_Label_Services_28678.p3p_ship_label -->
