<?xml version="1.0" encoding="UTF-8"?>
<!-- Generated by org.testng.reporters.JUnitReportReporter -->
<testsuite hostname="SIPL30" failures="0" tests="1" name="BU_verification_30014.Business_unit_verification" time="0.000" errors="0" timestamp="2023-08-18T16:57:20 IST" skipped="1">
  <testcase classname="BU_verification_30014.Business_unit_verification" name="fatl" time="0.000">
    <skipped/>
  </testcase> <!-- fatl -->
  <system-out/>
</testsuite> <!-- BU_verification_30014.Business_unit_verification -->
