<?xml version="1.0" encoding="UTF-8"?>
<!-- Generated by org.testng.reporters.JUnitReportReporter -->
<testsuite hostname="SIPL30" failures="0" tests="1" name="Connect_VerifyBill.VerifyBill_MTX" time="84.888" errors="0" timestamp="2023-04-27T15:35:45 IST" skipped="0">
  <testcase classname="Connect_VerifyBill.VerifyBill_MTX" name="MTX" time="84.888"/>
  <system-out/>
</testsuite> <!-- Connect_VerifyBill.VerifyBill_MTX -->
