<?xml version="1.0" encoding="UTF-8"?>
<!-- Generated by org.testng.reporters.JUnitReportReporter -->
<testsuite hostname="SIPL30" failures="0" tests="1" name="Ship_Label_Services_28678.d3p_ship_label" time="110.179" errors="0" timestamp="2023-06-19T14:02:13 IST" skipped="0">
  <testcase classname="Ship_Label_Services_28678.d3p_ship_label" name="d3p_label" time="110.179"/>
  <system-out/>
</testsuite> <!-- Ship_Label_Services_28678.d3p_ship_label -->
