<?xml version="1.0" encoding="UTF-8"?>
<!-- Generated by org.testng.reporters.JUnitReportReporter -->
<testsuite hostname="SIPL30" failures="0" tests="1" name="AutoDispatch_28677.netship_autodispatch" time="158.252" errors="0" timestamp="2023-04-28T14:52:33 IST" skipped="0">
  <testcase classname="AutoDispatch_28677.netship_autodispatch" name="netship_auto_dispatch_order" time="158.252"/>
  <system-out/>
</testsuite> <!-- AutoDispatch_28677.netship_autodispatch -->
