<?xml version="1.0" encoding="UTF-8"?>
<!-- Generated by org.testng.reporters.JUnitReportReporter -->
<testsuite hostname="SIPL30" failures="0" tests="1" name="Connect_VerifyBill.VerifyBill" time="0.000" errors="0" timestamp="2023-08-18T16:57:20 IST" skipped="1">
  <testcase classname="Connect_VerifyBill.VerifyBill" name="massVfyBill" time="0.000">
    <skipped/>
  </testcase> <!-- massVfyBill -->
  <system-out/>
</testsuite> <!-- Connect_VerifyBill.VerifyBill -->
