<?xml version="1.0" encoding="UTF-8"?>
<!-- Generated by org.testng.reporters.JUnitReportReporter -->
<testsuite hostname="SIPL30" failures="0" tests="1" name="Connect_VerifyBill.MassVerifyBillCustomer" time="0.000" errors="0" timestamp="2023-08-18T16:57:20 IST" skipped="1">
  <testcase classname="Connect_VerifyBill.MassVerifyBillCustomer" name="MVCBill" time="0.000">
    <skipped/>
  </testcase> <!-- MVCBill -->
  <system-out/>
</testsuite> <!-- Connect_VerifyBill.MassVerifyBillCustomer -->
