<?xml version="1.0" encoding="UTF-8"?>
<!-- Generated by org.testng.reporters.JUnitReportReporter -->
<testsuite hostname="SIPL92" failures="0" tests="1" name="connect_OrderCreation.PA" time="380.913" errors="0" timestamp="2023-01-13T12:41:20 IST" skipped="0">
  <testcase classname="connect_OrderCreation.PA" name="paPriorityAir" time="380.913"/>
  <system-out/>
</testsuite> <!-- connect_OrderCreation.PA -->
