<?xml version="1.0" encoding="UTF-8"?>
<!-- Generated by org.testng.reporters.JUnitReportReporter -->
<testsuite hostname="SIPL92" failures="0" tests="1" name="samyak_Preferences.UserPreference" time="11.434" errors="0" timestamp="2022-04-01T14:28:37 IST" skipped="0">
  <testcase classname="samyak_Preferences.UserPreference" name="userPreference" time="11.434"/>
  <system-out/>
</testsuite> <!-- samyak_Preferences.UserPreference -->
