<?xml version="1.0" encoding="UTF-8"?>
<!-- Generated by org.testng.reporters.JUnitReportReporter -->
<testsuite hostname="SIPL92" failures="0" tests="1" name="connect_OrderProcessSPL.H3P" time="438.800" errors="0" timestamp="2023-04-12T18:29:58 IST" skipped="0">
  <testcase classname="connect_OrderProcessSPL.H3P" name="h3P" time="438.800"/>
  <system-out/>
</testsuite> <!-- connect_OrderProcessSPL.H3P -->
