<?xml version="1.0" encoding="UTF-8"?>
<!-- Generated by org.testng.reporters.JUnitReportReporter -->
<<<<<<< HEAD
<testsuite hostname="SIPL95" failures="0" tests="1" name="connect_OrderProcessNonSPL.DRV" time="288.057" errors="0" timestamp="2023-03-31T16:05:33 IST" skipped="0">
  <testcase classname="connect_OrderProcessNonSPL.DRV" name="drvDriver" time="288.057"/>
=======
<testsuite hostname="SIPL30" failures="0" tests="1" name="connect_OrderProcessNonSPL.DRV" time="338.415" errors="0" timestamp="2023-04-14T15:47:52 IST" skipped="0">
  <testcase classname="connect_OrderProcessNonSPL.DRV" name="drvDriver" time="338.415"/>
>>>>>>> branch 'master' of https://github.com/RavinaSamyak01/Connect.git
  <system-out/>
</testsuite> <!-- connect_OrderProcessNonSPL.DRV -->
