<?xml version="1.0" encoding="UTF-8"?>
<!-- Generated by org.testng.reporters.JUnitReportReporter -->
<testsuite hostname="SIPL92" failures="0" tests="1" name="Connect_VerifyBill.MassVerifyBill" time="122.450" errors="0" timestamp="2023-04-11T09:44:30 IST" skipped="0">
  <testcase classname="Connect_VerifyBill.MassVerifyBill" name="massVfyBill" time="122.450"/>
  <system-out/>
</testsuite> <!-- Connect_VerifyBill.MassVerifyBill -->
