<?xml version="1.0" encoding="UTF-8"?>
<!-- Generated by org.testng.reporters.JUnitReportReporter -->
<testsuite hostname="SIPL30" failures="0" tests="1" name="customer_segment_28661.customer_segment" time="0.000" errors="0" timestamp="2023-08-18T16:57:20 IST" skipped="1">
  <testcase classname="customer_segment_28661.customer_segment" name="custSegment" time="0.000">
    <skipped/>
  </testcase> <!-- custSegment -->
  <system-out/>
</testsuite> <!-- customer_segment_28661.customer_segment -->
