<?xml version="1.0" encoding="UTF-8"?>
<!-- Generated by org.testng.reporters.JUnitReportReporter -->
<<<<<<< HEAD
<testsuite hostname="SIPL92" failures="0" tests="1" name="connect_OrderProcessNonSPL.SDC" time="285.937" errors="0" timestamp="2023-04-12T18:17:18 IST" skipped="0">
  <testcase classname="connect_OrderProcessNonSPL.SDC" name="sdcSameDayCity" time="285.937"/>
=======
<testsuite hostname="SIPL30" failures="0" tests="1" name="connect_OrderProcessNonSPL.SDC" time="260.357" errors="0" timestamp="2023-04-14T16:21:33 IST" skipped="0">
  <testcase classname="connect_OrderProcessNonSPL.SDC" name="sdcSameDayCity" time="260.357"/>
>>>>>>> branch 'master' of https://github.com/RavinaSamyak01/Connect.git
  <system-out/>
</testsuite> <!-- connect_OrderProcessNonSPL.SDC -->
