<?xml version="1.0" encoding="UTF-8"?>
<!-- Generated by org.testng.reporters.JUnitReportReporter -->
<testsuite hostname="SIPL92" failures="0" tests="1" name="connect_OrderCreation.SDC" time="212.799" errors="0" timestamp="2023-01-13T12:41:20 IST" skipped="0">
  <testcase classname="connect_OrderCreation.SDC" name="sdcSameDayCity" time="212.799"/>
  <system-out/>
</testsuite> <!-- connect_OrderCreation.SDC -->
