<?xml version="1.0" encoding="UTF-8"?>
<!-- Generated by org.testng.reporters.JUnitReportReporter -->
<testsuite hostname="SIPL30" failures="0" tests="1" name="customer_segment_28661.cust_segment_test_env" time="316.447" errors="0" timestamp="2023-05-30T15:35:47 IST" skipped="0">
  <testcase classname="customer_segment_28661.cust_segment_test_env" name="custSegment" time="316.447"/>
  <system-out/>
</testsuite> <!-- customer_segment_28661.cust_segment_test_env -->
