<?xml version="1.0" encoding="UTF-8"?>
<!-- Generated by org.testng.reporters.JUnitReportReporter -->
<testsuite hostname="SIPL92" failures="0" tests="1" name="connect_OrderCreation.FRA" time="775.017" errors="0" timestamp="2023-01-13T13:09:13 IST" skipped="0">
  <testcase classname="connect_OrderCreation.FRA" name="fraFreight" time="775.017"/>
  <system-out/>
</testsuite> <!-- connect_OrderCreation.FRA -->
