<?xml version="1.0" encoding="UTF-8"?>
<!-- Generated by org.testng.reporters.JUnitReportReporter -->
<<<<<<< HEAD
<testsuite hostname="SIPL95" failures="0" tests="1" name="connect_OrderProcessNonSPL.FRG" time="255.079" errors="0" timestamp="2023-03-31T16:05:33 IST" skipped="0">
  <testcase classname="connect_OrderProcessNonSPL.FRG" name="frgFreight" time="255.079"/>
=======
<testsuite hostname="SIPL30" failures="0" tests="1" name="connect_OrderProcessNonSPL.FRG" time="253.116" errors="0" timestamp="2023-04-14T16:05:53 IST" skipped="0">
  <testcase classname="connect_OrderProcessNonSPL.FRG" name="frgFreight" time="253.116"/>
>>>>>>> branch 'master' of https://github.com/RavinaSamyak01/Connect.git
  <system-out/>
</testsuite> <!-- connect_OrderProcessNonSPL.FRG -->
