<?xml version="1.0" encoding="UTF-8"?>
<!-- Generated by org.testng.reporters.JUnitReportReporter -->
<testsuite hostname="SIPL92" failures="0" tests="1" name="connect_OrderProcessNonSPL.P3P" time="394.918" errors="0" timestamp="2023-04-28T14:53:30 IST" skipped="0">
  <testcase classname="connect_OrderProcessNonSPL.P3P" name="p3pservice" time="394.918"/>
  <system-out/>
</testsuite> <!-- connect_OrderProcessNonSPL.P3P -->
