<?xml version="1.0" encoding="UTF-8"?>
<!-- Generated by org.testng.reporters.JUnitReportReporter -->
<testsuite hostname="SIPL30" failures="0" tests="1" name="connect_OrderProcessing.AllOrderCreation" time="0.000" errors="0" timestamp="2023-08-18T16:57:20 IST" skipped="1">
  <testcase classname="connect_OrderProcessing.AllOrderCreation" name="allOrderCreation" time="0.000">
    <skipped/>
  </testcase> <!-- allOrderCreation -->
  <system-out/>
</testsuite> <!-- connect_OrderProcessing.AllOrderCreation -->
