<?xml version="1.0" encoding="UTF-8"?>
<!-- Generated by org.testng.reporters.JUnitReportReporter -->
<testsuite hostname="SIPL30" failures="0" tests="1" name="AutoDispatch_28677.new_order_autodispatch" time="137.014" errors="0" timestamp="2023-04-28T11:06:47 IST" skipped="0">
  <testcase classname="AutoDispatch_28677.new_order_autodispatch" name="new_order_autodispatchs" time="137.014"/>
  <system-out/>
</testsuite> <!-- AutoDispatch_28677.new_order_autodispatch -->
