<?xml version="1.0" encoding="UTF-8"?>
<!-- Generated by org.testng.reporters.JUnitReportReporter -->
<testsuite hostname="SIPL30" failures="0" tests="1" name="AutoDispatch_28677.connect_fetch_imort_job_autodspatch" time="3.522" errors="0" timestamp="2023-04-26T12:03:26 IST" skipped="0">
  <testcase classname="AutoDispatch_28677.connect_fetch_imort_job_autodspatch" name="fetch_generated_order" time="3.522"/>
  <system-out/>
</testsuite> <!-- AutoDispatch_28677.connect_fetch_imort_job_autodspatch -->
