<?xml version="1.0" encoding="UTF-8"?>
<!-- Generated by org.testng.reporters.JUnitReportReporter -->
<testsuite hostname="SIPL30" failures="0" tests="1" name="AutoDispatch_28677.connect_imort_autodspatch" time="6.533" errors="0" timestamp="2023-04-26T11:20:53 IST" skipped="0">
  <testcase classname="AutoDispatch_28677.connect_imort_autodspatch" name="import_order_create" time="6.533"/>
  <system-out/>
</testsuite> <!-- AutoDispatch_28677.connect_imort_autodspatch -->
