<?xml version="1.0" encoding="UTF-8"?>
<!-- Generated by org.testng.reporters.JUnitReportReporter -->
<testsuite hostname="SIPL30" failures="0" tests="1" name="AutoDispatch_28677.connect_new_shipment_autodispach" time="265.546" errors="0" timestamp="2023-04-13T17:00:49 IST" skipped="0">
  <testcase classname="AutoDispatch_28677.connect_new_shipment_autodispach" name="shipment_order_create" time="265.546"/>
  <system-out/>
</testsuite> <!-- AutoDispatch_28677.connect_new_shipment_autodispach -->
