<?xml version="1.0" encoding="UTF-8"?>
<!-- Generated by org.testng.reporters.JUnitReportReporter -->
<testsuite hostname="SIPL95" failures="0" tests="1" name="connect_OrderProcessSPL.CPU" time="220.242" errors="0" timestamp="2023-03-31T16:05:33 IST" skipped="0">
  <testcase classname="connect_OrderProcessSPL.CPU" name="FedExCpu" time="220.242"/>
  <system-out/>
</testsuite> <!-- connect_OrderProcessSPL.CPU -->
