<?xml version="1.0" encoding="UTF-8"?>
<!-- Generated by org.testng.reporters.JUnitReportReporter -->
<testsuite hostname="SIPL30" failures="0" tests="1" name="default_vehicle_20043.default_vehicle" time="159.823" errors="0" timestamp="2023-02-24T16:36:26 IST" skipped="0">
  <testcase classname="default_vehicle_20043.default_vehicle" name="order_process_loc" time="159.823"/>
  <system-out/>
</testsuite> <!-- default_vehicle_20043.default_vehicle -->
