<?xml version="1.0" encoding="UTF-8"?>
<!-- Generated by org.testng.reporters.JUnitReportReporter -->
<testsuite hostname="SIPL30" failures="0" tests="1" name="Quick_Quote_28658.quick_quote" time="0.000" errors="0" timestamp="2023-08-18T16:57:20 IST" skipped="1">
  <testcase classname="Quick_Quote_28658.quick_quote" name="quickQuote" time="0.000">
    <skipped/>
  </testcase> <!-- quickQuote -->
  <system-out/>
</testsuite> <!-- Quick_Quote_28658.quick_quote -->
