<?xml version="1.0" encoding="UTF-8"?>
<!-- Generated by org.testng.reporters.JUnitReportReporter -->
<testsuite hostname="SIPL30" failures="0" tests="1" name="AutoDispatch_28677.connect_autodispatch" time="0.000" errors="0" timestamp="2023-08-18T16:57:20 IST" skipped="1">
  <testcase classname="AutoDispatch_28677.connect_autodispatch" name="auto_dispatch" time="0.000">
    <skipped/>
  </testcase> <!-- auto_dispatch -->
  <system-out/>
</testsuite> <!-- AutoDispatch_28677.connect_autodispatch -->
