<?xml version="1.0" encoding="UTF-8"?>
<!-- Generated by org.testng.reporters.JUnitReportReporter -->
<testsuite hostname="DESKTOP-TSAK19I" failures="0" tests="1" name="Connect_VerifyBill.VerifyBill_MNX" time="134.785" errors="0" timestamp="2023-04-04T18:48:10 IST" skipped="0">
  <testcase classname="Connect_VerifyBill.VerifyBill_MNX" name="MNX" time="134.785"/>
  <system-out/>
</testsuite> <!-- Connect_VerifyBill.VerifyBill_MNX -->
